0 verbose cli C:\Program Files\nodejs\node.exe C:\Program Files\nodejs\node_modules\npm\bin\npm-cli.js
1 info using npm@11.6.2
2 info using node@v24.11.1
3 silly config load:file:C:\Program Files\nodejs\node_modules\npm\npmrc
4 silly config load:file:C:\Users\user\Documents\cursor\promptStore\.npmrc
5 silly config load:file:C:\Users\user\.npmrc
6 silly config load:file:C:\Users\user\AppData\Roaming\npm\etc\npmrc
7 verbose title npm install
8 verbose argv "install"
9 verbose logfile logs-max:10 dir:C:\Users\user\AppData\Local\npm-cache\_logs\2026-01-24T15_08_02_290Z-
10 verbose logfile C:\Users\user\AppData\Local\npm-cache\_logs\2026-01-24T15_08_02_290Z-debug-0.log
11 silly logfile start cleaning logs, removing 1 files
12 silly packumentCache heap:4496293888 maxSize:1124073472 maxEntrySize:562036736
13 silly logfile done cleaning log files
14 silly idealTree buildDeps
15 silly fetch manifest next@14.0.4
16 silly packumentCache full:https://registry.npmmirror.com/next cache-miss
17 http fetch GET 200 https://registry.npmmirror.com/next 1298ms (cache miss)
18 silly packumentCache full:https://registry.npmmirror.com/next set size:3097185 disposed:false
19 silly fetch manifest @opentelemetry/api@^1.1.0
20 silly packumentCache full:https://registry.npmmirror.com/@opentelemetry%2fapi cache-miss
21 http fetch GET 200 https://registry.npmmirror.com/@opentelemetry%2fapi 122ms (cache miss)
22 silly packumentCache full:https://registry.npmmirror.com/@opentelemetry%2fapi set size:33848 disposed:false
23 silly fetch manifest react@^18.2.0
24 silly packumentCache full:https://registry.npmmirror.com/react cache-miss
25 http fetch GET 200 https://registry.npmmirror.com/react 339ms (cache miss)
26 silly packumentCache full:https://registry.npmmirror.com/react set size:1170376 disposed:false
27 silly fetch manifest react-dom@^18.2.0
28 silly packumentCache full:https://registry.npmmirror.com/react-dom cache-miss
29 http fetch GET 200 https://registry.npmmirror.com/react-dom 290ms (cache miss)
30 silly packumentCache full:https://registry.npmmirror.com/react-dom set size:1324706 disposed:false
31 silly fetch manifest sass@^1.3.0
32 silly packumentCache full:https://registry.npmmirror.com/sass cache-miss
33 http fetch GET 200 https://registry.npmmirror.com/sass 113ms (cache miss)
34 silly packumentCache full:https://registry.npmmirror.com/sass set size:124941 disposed:false
35 silly fetch manifest @types/node@^20.10.6
36 silly packumentCache full:https://registry.npmmirror.com/@types%2fnode cache-miss
37 http fetch GET 200 https://registry.npmmirror.com/@types%2fnode 365ms (cache miss)
38 silly packumentCache full:https://registry.npmmirror.com/@types%2fnode set size:1129189 disposed:false
39 silly fetch manifest @types/react@^18.2.46
40 silly packumentCache full:https://registry.npmmirror.com/@types%2freact cache-miss
41 http fetch GET 200 https://registry.npmmirror.com/@types%2freact 2350ms (cache miss)
42 silly packumentCache full:https://registry.npmmirror.com/@types%2freact set size:326020 disposed:false
43 silly fetch manifest @types/react-dom@^18.2.18
44 silly packumentCache full:https://registry.npmmirror.com/@types%2freact-dom cache-miss
45 http fetch GET 200 https://registry.npmmirror.com/@types%2freact-dom 466ms (cache miss)
46 silly packumentCache full:https://registry.npmmirror.com/@types%2freact-dom set size:82926 disposed:false
47 silly fetch manifest prisma@^5.7.1
48 silly packumentCache full:https://registry.npmmirror.com/prisma cache-miss
49 http fetch GET 200 https://registry.npmmirror.com/prisma 1489ms (cache miss)
50 silly packumentCache full:https://registry.npmmirror.com/prisma set size:5747321 disposed:false
51 silly fetch manifest tsx@^4.7.0
52 silly packumentCache full:https://registry.npmmirror.com/tsx cache-miss
53 http fetch GET 200 https://registry.npmmirror.com/tsx 420ms (cache miss)
54 silly packumentCache full:https://registry.npmmirror.com/tsx set size:67335 disposed:false
55 silly fetch manifest typescript@^5.3.3
56 silly packumentCache full:https://registry.npmmirror.com/typescript cache-miss
57 http fetch GET 200 https://registry.npmmirror.com/typescript 510ms (cache miss)
58 silly packumentCache full:https://registry.npmmirror.com/typescript set size:1657936 disposed:false
59 silly placeDep ROOT @types/node@20.19.30 OK for: nextjs-prisma-neon@0.1.0 want: ^20.10.6
60 silly placeDep ROOT @types/react@18.3.27 OK for: nextjs-prisma-neon@0.1.0 want: ^18.2.46
61 silly placeDep ROOT @types/react-dom@18.3.7 OK for: nextjs-prisma-neon@0.1.0 want: ^18.2.18
62 silly placeDep ROOT next@14.0.4 REPLACE for: nextjs-prisma-neon@0.1.0 want: 14.0.4
63 silly placeDep ROOT react@18.3.1 OK for: next@14.0.4 want: ^18.2.0
64 silly placeDep ROOT react-dom@18.3.1 OK for: next@14.0.4 want: ^18.2.0
65 silly placeDep ROOT prisma@5.22.0 OK for: nextjs-prisma-neon@0.1.0 want: ^5.7.1
66 silly placeDep ROOT tsx@4.21.0 OK for: nextjs-prisma-neon@0.1.0 want: ^4.7.0
67 silly placeDep ROOT typescript@5.9.3 OK for: nextjs-prisma-neon@0.1.0 want: ^5.3.3
68 silly fetch manifest undici-types@~6.21.0
69 silly packumentCache full:https://registry.npmmirror.com/undici-types cache-miss
70 silly fetch manifest csstype@^3.2.2
71 silly packumentCache full:https://registry.npmmirror.com/csstype cache-miss
72 silly fetch manifest @types/prop-types@*
73 silly packumentCache full:https://registry.npmmirror.com/@types%2fprop-types cache-miss
74 http fetch GET 200 https://registry.npmmirror.com/undici-types 75ms (cache miss)
75 silly packumentCache full:https://registry.npmmirror.com/undici-types set size:31647 disposed:false
76 silly fetch manifest @next/env@14.0.4
77 silly packumentCache full:https://registry.npmmirror.com/@next%2fenv cache-miss
78 http fetch GET 200 https://registry.npmmirror.com/csstype 160ms (cache miss)
79 silly packumentCache full:https://registry.npmmirror.com/csstype set size:41498 disposed:false
80 silly fetch manifest @swc/helpers@0.5.2
81 silly packumentCache full:https://registry.npmmirror.com/@swc%2fhelpers cache-miss
82 http fetch GET 200 https://registry.npmmirror.com/@swc%2fhelpers 231ms (cache miss)
83 silly packumentCache full:https://registry.npmmirror.com/@swc%2fhelpers set size:98917 disposed:false
84 silly fetch manifest busboy@1.6.0
85 silly packumentCache full:https://registry.npmmirror.com/busboy cache-miss
86 http fetch GET 200 https://registry.npmmirror.com/@next%2fenv 631ms (cache miss)
87 silly packumentCache full:https://registry.npmmirror.com/@next%2fenv set size:1170360 disposed:false
88 silly fetch manifest caniuse-lite@^1.0.30001406
89 silly packumentCache full:https://registry.npmmirror.com/caniuse-lite cache-miss
90 http fetch GET 200 https://registry.npmmirror.com/caniuse-lite 241ms (cache miss)
91 silly packumentCache full:https://registry.npmmirror.com/caniuse-lite set size:357643 disposed:false
92 silly fetch manifest graceful-fs@^4.2.11
93 silly packumentCache full:https://registry.npmmirror.com/graceful-fs cache-miss
94 http fetch GET 200 https://registry.npmmirror.com/@types%2fprop-types 1069ms (cache miss)
95 silly packumentCache full:https://registry.npmmirror.com/@types%2fprop-types set size:10437 disposed:false
96 silly fetch manifest postcss@8.4.31
97 silly packumentCache full:https://registry.npmmirror.com/postcss cache-miss
98 http fetch GET 200 https://registry.npmmirror.com/postcss 115ms (cache miss)
99 silly packumentCache full:https://registry.npmmirror.com/postcss set size:94454 disposed:false
100 silly fetch manifest styled-jsx@5.1.1
101 silly packumentCache full:https://registry.npmmirror.com/styled-jsx cache-miss
102 http fetch GET 200 https://registry.npmmirror.com/graceful-fs 200ms (cache miss)
103 silly packumentCache full:https://registry.npmmirror.com/graceful-fs set size:23015 disposed:false
104 silly fetch manifest watchpack@2.4.0
105 silly packumentCache full:https://registry.npmmirror.com/watchpack cache-miss
106 http fetch GET 200 https://registry.npmmirror.com/watchpack 189ms (cache miss)
107 silly packumentCache full:https://registry.npmmirror.com/watchpack set size:24048 disposed:false
108 silly fetch manifest @next/swc-darwin-arm64@14.0.4
109 silly packumentCache full:https://registry.npmmirror.com/@next%2fswc-darwin-arm64 cache-miss
110 http fetch GET 200 https://registry.npmmirror.com/styled-jsx 419ms (cache miss)
111 silly packumentCache full:https://registry.npmmirror.com/styled-jsx set size:65585 disposed:false
112 silly fetch manifest @next/swc-darwin-x64@14.0.4
113 silly packumentCache full:https://registry.npmmirror.com/@next%2fswc-darwin-x64 cache-miss
114 http fetch GET 200 https://registry.npmmirror.com/busboy 1544ms (cache miss)
115 silly packumentCache full:https://registry.npmmirror.com/busboy set size:17698 disposed:false
116 silly fetch manifest @next/swc-linux-arm64-gnu@14.0.4
117 silly packumentCache full:https://registry.npmmirror.com/@next%2fswc-linux-arm64-gnu cache-miss
118 http fetch GET 200 https://registry.npmmirror.com/@next%2fswc-darwin-arm64 592ms (cache miss)
119 silly packumentCache full:https://registry.npmmirror.com/@next%2fswc-darwin-arm64 set size:1072903 disposed:false
120 silly fetch manifest @next/swc-linux-arm64-musl@14.0.4
121 silly packumentCache full:https://registry.npmmirror.com/@next%2fswc-linux-arm64-musl cache-miss
122 http fetch GET 200 https://registry.npmmirror.com/@next%2fswc-darwin-x64 588ms (cache miss)
123 silly packumentCache full:https://registry.npmmirror.com/@next%2fswc-darwin-x64 set size:1067429 disposed:false
124 silly fetch manifest @next/swc-linux-x64-gnu@14.0.4
125 silly packumentCache full:https://registry.npmmirror.com/@next%2fswc-linux-x64-gnu cache-miss
126 http fetch GET 200 https://registry.npmmirror.com/@next%2fswc-linux-x64-gnu 642ms (cache miss)
127 silly packumentCache full:https://registry.npmmirror.com/@next%2fswc-linux-x64-gnu set size:1072849 disposed:false
128 silly fetch manifest @next/swc-linux-x64-musl@14.0.4
129 silly packumentCache full:https://registry.npmmirror.com/@next%2fswc-linux-x64-musl cache-miss
130 http fetch GET 200 https://registry.npmmirror.com/@next%2fswc-linux-arm64-musl 1179ms (cache miss)
131 silly packumentCache full:https://registry.npmmirror.com/@next%2fswc-linux-arm64-musl set size:1046214 disposed:false
132 silly fetch manifest @next/swc-win32-arm64-msvc@14.0.4
133 silly packumentCache full:https://registry.npmmirror.com/@next%2fswc-win32-arm64-msvc cache-miss
134 http fetch GET 200 https://registry.npmmirror.com/@next%2fswc-linux-x64-musl 591ms (cache miss)
135 silly packumentCache full:https://registry.npmmirror.com/@next%2fswc-linux-x64-musl set size:1040630 disposed:false
136 silly fetch manifest @next/swc-win32-ia32-msvc@14.0.4
137 silly packumentCache full:https://registry.npmmirror.com/@next%2fswc-win32-ia32-msvc cache-miss
138 http fetch GET 200 https://registry.npmmirror.com/@next%2fswc-win32-arm64-msvc 575ms (cache miss)
139 silly packumentCache full:https://registry.npmmirror.com/@next%2fswc-win32-arm64-msvc set size:1048064 disposed:false
140 silly fetch manifest @next/swc-win32-x64-msvc@14.0.4
141 silly packumentCache full:https://registry.npmmirror.com/@next%2fswc-win32-x64-msvc cache-miss
142 http fetch GET 200 https://registry.npmmirror.com/@next%2fswc-win32-x64-msvc 710ms (cache miss)
143 silly packumentCache full:https://registry.npmmirror.com/@next%2fswc-win32-x64-msvc set size:1068337 disposed:false
144 silly fetch manifest loose-envify@^1.1.0
145 silly packumentCache full:https://registry.npmmirror.com/loose-envify cache-miss
146 http fetch GET 200 https://registry.npmmirror.com/@next%2fswc-linux-arm64-gnu 2856ms (cache miss)
147 silly packumentCache full:https://registry.npmmirror.com/@next%2fswc-linux-arm64-gnu set size:1046313 disposed:false
148 silly fetch manifest scheduler@^0.23.2
149 silly packumentCache full:https://registry.npmmirror.com/scheduler cache-miss
150 http fetch GET 200 https://registry.npmmirror.com/@next%2fswc-win32-ia32-msvc 1276ms (cache miss)
151 silly packumentCache full:https://registry.npmmirror.com/@next%2fswc-win32-ia32-msvc set size:784779 disposed:false
152 silly fetch manifest loose-envify@^1.1.0
153 silly packumentCache full:https://registry.npmmirror.com/loose-envify cache-miss
154 http fetch GET 200 https://registry.npmmirror.com/loose-envify 160ms (cache miss)
155 silly packumentCache full:https://registry.npmmirror.com/loose-envify set size:2934 disposed:false
156 silly fetch manifest @prisma/engines@5.22.0
157 silly packumentCache full:https://registry.npmmirror.com/@prisma%2fengines cache-miss
158 http fetch GET 200 https://registry.npmmirror.com/loose-envify 448ms (cache miss)
159 silly packumentCache full:https://registry.npmmirror.com/loose-envify set size:2934 disposed:false
160 silly packumentCache full:https://registry.npmmirror.com/loose-envify dispose
161 silly fetch manifest fsevents@2.3.3
162 silly packumentCache full:https://registry.npmmirror.com/fsevents cache-miss
163 http fetch GET 200 https://registry.npmmirror.com/scheduler 349ms (cache miss)
164 silly packumentCache full:https://registry.npmmirror.com/scheduler set size:1096251 disposed:false
165 silly fetch manifest esbuild@~0.27.0
166 silly packumentCache full:https://registry.npmmirror.com/esbuild cache-miss
167 http fetch GET 200 https://registry.npmmirror.com/fsevents 102ms (cache miss)
168 silly packumentCache full:https://registry.npmmirror.com/fsevents set size:16344 disposed:false
169 silly fetch manifest get-tsconfig@^4.7.5
170 silly packumentCache full:https://registry.npmmirror.com/get-tsconfig cache-miss
171 http fetch GET 200 https://registry.npmmirror.com/get-tsconfig 461ms (cache miss)
172 silly packumentCache full:https://registry.npmmirror.com/get-tsconfig set size:29559 disposed:false
173 silly fetch manifest fsevents@~2.3.3
174 silly packumentCache full:https://registry.npmmirror.com/fsevents cache-hit
175 http fetch GET 200 https://registry.npmmirror.com/esbuild 528ms (cache miss)
176 silly packumentCache full:https://registry.npmmirror.com/esbuild set size:208896 disposed:false
177 http fetch GET 200 https://registry.npmmirror.com/@prisma%2fengines 1044ms (cache miss)
178 silly packumentCache full:https://registry.npmmirror.com/@prisma%2fengines set size:3859518 disposed:false
179 silly placeDep ROOT undici-types@6.21.0 OK for: @types/node@20.19.30 want: ~6.21.0
180 silly placeDep ROOT @types/prop-types@15.7.15 OK for: @types/react@18.3.27 want: *
181 silly placeDep ROOT csstype@3.2.3 OK for: @types/react@18.3.27 want: ^3.2.2
182 silly placeDep ROOT @next/env@14.0.4 OK for: next@14.0.4 want: 14.0.4
183 silly placeDep ROOT @next/swc-darwin-arm64@14.0.4 OK for: next@14.0.4 want: 14.0.4
184 silly placeDep ROOT @next/swc-darwin-x64@14.0.4 OK for: next@14.0.4 want: 14.0.4
185 silly placeDep ROOT @next/swc-linux-arm64-gnu@14.0.4 OK for: next@14.0.4 want: 14.0.4
186 silly placeDep ROOT @next/swc-linux-arm64-musl@14.0.4 OK for: next@14.0.4 want: 14.0.4
187 silly placeDep ROOT @next/swc-linux-x64-gnu@14.0.4 OK for: next@14.0.4 want: 14.0.4
188 silly placeDep ROOT @next/swc-linux-x64-musl@14.0.4 OK for: next@14.0.4 want: 14.0.4
189 silly placeDep ROOT @next/swc-win32-arm64-msvc@14.0.4 OK for: next@14.0.4 want: 14.0.4
190 silly placeDep ROOT @next/swc-win32-ia32-msvc@14.0.4 OK for: next@14.0.4 want: 14.0.4
191 silly placeDep ROOT @next/swc-win32-x64-msvc@14.0.4 OK for: next@14.0.4 want: 14.0.4
192 silly placeDep ROOT @swc/helpers@0.5.2 OK for: next@14.0.4 want: 0.5.2
193 silly placeDep ROOT busboy@1.6.0 OK for: next@14.0.4 want: 1.6.0
194 silly placeDep ROOT caniuse-lite@1.0.30001766 OK for: next@14.0.4 want: ^1.0.30001406
195 silly placeDep ROOT graceful-fs@4.2.11 OK for: next@14.0.4 want: ^4.2.11
196 silly placeDep ROOT postcss@8.4.31 OK for: next@14.0.4 want: 8.4.31
197 silly placeDep ROOT styled-jsx@5.1.1 OK for: next@14.0.4 want: 5.1.1
198 silly placeDep ROOT watchpack@2.4.0 OK for: next@14.0.4 want: 2.4.0
199 silly fetch manifest tslib@^2.4.0
200 silly packumentCache full:https://registry.npmmirror.com/tslib cache-miss
201 silly fetch manifest streamsearch@^1.1.0
202 silly packumentCache full:https://registry.npmmirror.com/streamsearch cache-miss
203 silly fetch manifest nanoid@^3.3.6
204 silly packumentCache full:https://registry.npmmirror.com/nanoid cache-miss
205 http fetch GET 200 https://registry.npmmirror.com/tslib 78ms (cache miss)
206 silly packumentCache full:https://registry.npmmirror.com/tslib set size:33171 disposed:false
207 silly fetch manifest picocolors@^1.0.0
208 silly packumentCache full:https://registry.npmmirror.com/picocolors cache-miss
209 http fetch GET 200 https://registry.npmmirror.com/nanoid 94ms (cache miss)
210 silly packumentCache full:https://registry.npmmirror.com/nanoid set size:45536 disposed:false
211 silly fetch manifest source-map-js@^1.0.2
212 silly packumentCache full:https://registry.npmmirror.com/source-map-js cache-miss
213 http fetch GET 200 https://registry.npmmirror.com/streamsearch 119ms (cache miss)
214 silly packumentCache full:https://registry.npmmirror.com/streamsearch set size:4871 disposed:false
215 silly fetch manifest client-only@0.0.1
216 silly packumentCache full:https://registry.npmmirror.com/client-only cache-miss
217 http fetch GET 200 https://registry.npmmirror.com/picocolors 72ms (cache miss)
218 silly packumentCache full:https://registry.npmmirror.com/picocolors set size:4040 disposed:false
219 silly fetch manifest glob-to-regexp@^0.4.1
220 silly packumentCache full:https://registry.npmmirror.com/glob-to-regexp cache-miss
221 http fetch GET 200 https://registry.npmmirror.com/source-map-js 72ms (cache miss)
222 silly packumentCache full:https://registry.npmmirror.com/source-map-js set size:14399 disposed:false
223 http fetch GET 200 https://registry.npmmirror.com/client-only 72ms (cache miss)
224 silly packumentCache full:https://registry.npmmirror.com/client-only set size:1752 disposed:false
225 http fetch GET 200 https://registry.npmmirror.com/glob-to-regexp 67ms (cache miss)
226 silly packumentCache full:https://registry.npmmirror.com/glob-to-regexp set size:4250 disposed:false
227 silly placeDep ROOT tslib@2.8.1 OK for: @swc/helpers@0.5.2 want: ^2.4.0
228 silly placeDep ROOT streamsearch@1.1.0 OK for: busboy@1.6.0 want: ^1.1.0
229 silly placeDep ROOT nanoid@3.3.11 OK for: postcss@8.4.31 want: ^3.3.6
230 silly placeDep ROOT picocolors@1.1.1 OK for: postcss@8.4.31 want: ^1.0.0
231 silly placeDep ROOT source-map-js@1.2.1 OK for: postcss@8.4.31 want: ^1.0.2
232 silly placeDep node_modules/prisma @prisma/engines@5.22.0 OK for: prisma@5.22.0 want: 5.22.0
233 silly placeDep ROOT fsevents@2.3.3 OK for: prisma@5.22.0 want: 2.3.3
234 silly fetch manifest @prisma/debug@5.22.0
235 silly packumentCache full:https://registry.npmmirror.com/@prisma%2fdebug cache-miss
236 silly fetch manifest @prisma/fetch-engine@5.22.0
237 silly packumentCache full:https://registry.npmmirror.com/@prisma%2ffetch-engine cache-miss
238 silly fetch manifest @prisma/get-platform@5.22.0
239 silly packumentCache full:https://registry.npmmirror.com/@prisma%2fget-platform cache-miss
240 http fetch GET 200 https://registry.npmmirror.com/@prisma%2fget-platform 2819ms (cache miss)
241 silly packumentCache full:https://registry.npmmirror.com/@prisma%2fget-platform set size:4142901 disposed:false
242 silly fetch manifest @prisma/engines-version@5.22.0-44.605197351a3c8bdd595af2d2a9bc3025bca48ea2
243 silly packumentCache full:https://registry.npmmirror.com/@prisma%2fengines-version cache-miss
244 http fetch GET 200 https://registry.npmmirror.com/@prisma%2fdebug 3872ms (cache miss)
245 silly packumentCache full:https://registry.npmmirror.com/@prisma%2fdebug set size:4516455 disposed:false
246 http fetch GET 200 https://registry.npmmirror.com/@prisma%2ffetch-engine 4871ms (cache miss)
247 silly packumentCache full:https://registry.npmmirror.com/@prisma%2ffetch-engine set size:6415761 disposed:false
248 http fetch GET 200 https://registry.npmmirror.com/@prisma%2fengines-version 1608ms (cache miss)
249 silly packumentCache full:https://registry.npmmirror.com/@prisma%2fengines-version set size:1994591 disposed:false
250 silly placeDep ROOT loose-envify@1.4.0 OK for: react@18.3.1 want: ^1.1.0
251 silly fetch manifest js-tokens@^3.0.0 || ^4.0.0
252 silly packumentCache full:https://registry.npmmirror.com/js-tokens cache-miss
253 http fetch GET 200 https://registry.npmmirror.com/js-tokens 154ms (cache miss)
254 silly packumentCache full:https://registry.npmmirror.com/js-tokens set size:9897 disposed:false
255 silly placeDep ROOT js-tokens@4.0.0 OK for: loose-envify@1.4.0 want: ^3.0.0 || ^4.0.0
256 silly placeDep ROOT scheduler@0.23.2 OK for: react-dom@18.3.1 want: ^0.23.2
257 silly placeDep ROOT client-only@0.0.1 OK for: styled-jsx@5.1.1 want: 0.0.1
258 silly placeDep ROOT esbuild@0.27.2 OK for: tsx@4.21.0 want: ~0.27.0
259 silly placeDep ROOT get-tsconfig@4.13.0 OK for: tsx@4.21.0 want: ^4.7.5
260 silly fetch manifest @esbuild/aix-ppc64@0.27.2
261 silly packumentCache full:https://registry.npmmirror.com/@esbuild%2faix-ppc64 cache-miss
262 silly fetch manifest @esbuild/android-arm@0.27.2
263 silly packumentCache full:https://registry.npmmirror.com/@esbuild%2fandroid-arm cache-miss
264 silly fetch manifest @esbuild/android-arm64@0.27.2
265 silly packumentCache full:https://registry.npmmirror.com/@esbuild%2fandroid-arm64 cache-miss
266 http fetch GET 200 https://registry.npmmirror.com/@esbuild%2fandroid-arm64 457ms (cache miss)
267 silly packumentCache full:https://registry.npmmirror.com/@esbuild%2fandroid-arm64 set size:58409 disposed:false
268 silly fetch manifest @esbuild/android-x64@0.27.2
269 silly packumentCache full:https://registry.npmmirror.com/@esbuild%2fandroid-x64 cache-miss
270 http fetch GET 200 https://registry.npmmirror.com/@esbuild%2faix-ppc64 471ms (cache miss)
271 silly packumentCache full:https://registry.npmmirror.com/@esbuild%2faix-ppc64 set size:13405 disposed:false
272 silly fetch manifest @esbuild/darwin-arm64@0.27.2
273 silly packumentCache full:https://registry.npmmirror.com/@esbuild%2fdarwin-arm64 cache-miss
274 http fetch GET 200 https://registry.npmmirror.com/@esbuild%2fandroid-arm 479ms (cache miss)
275 silly packumentCache full:https://registry.npmmirror.com/@esbuild%2fandroid-arm set size:68065 disposed:false
276 silly fetch manifest @esbuild/darwin-x64@0.27.2
277 silly packumentCache full:https://registry.npmmirror.com/@esbuild%2fdarwin-x64 cache-miss
278 http fetch GET 200 https://registry.npmmirror.com/@esbuild%2fdarwin-arm64 401ms (cache miss)
279 silly packumentCache full:https://registry.npmmirror.com/@esbuild%2fdarwin-arm64 set size:58129 disposed:false
280 silly fetch manifest @esbuild/freebsd-arm64@0.27.2
281 silly packumentCache full:https://registry.npmmirror.com/@esbuild%2ffreebsd-arm64 cache-miss
282 http fetch GET 200 https://registry.npmmirror.com/@esbuild%2ffreebsd-arm64 395ms (cache miss)
283 silly packumentCache full:https://registry.npmmirror.com/@esbuild%2ffreebsd-arm64 set size:57736 disposed:false
284 silly fetch manifest @esbuild/freebsd-x64@0.27.2
285 silly packumentCache full:https://registry.npmmirror.com/@esbuild%2ffreebsd-x64 cache-miss
286 http fetch GET 200 https://registry.npmmirror.com/@esbuild%2fandroid-x64 1024ms (cache miss)
287 silly packumentCache full:https://registry.npmmirror.com/@esbuild%2fandroid-x64 set size:57848 disposed:false
288 silly fetch manifest @esbuild/linux-arm@0.27.2
289 silly packumentCache full:https://registry.npmmirror.com/@esbuild%2flinux-arm cache-miss
290 http fetch GET 200 https://registry.npmmirror.com/@esbuild%2ffreebsd-x64 506ms (cache miss)
291 silly packumentCache full:https://registry.npmmirror.com/@esbuild%2ffreebsd-x64 set size:57956 disposed:false
292 silly fetch manifest @esbuild/linux-arm64@0.27.2
293 silly packumentCache full:https://registry.npmmirror.com/@esbuild%2flinux-arm64 cache-miss
294 http fetch GET 200 https://registry.npmmirror.com/@esbuild%2flinux-arm 400ms (cache miss)
295 silly packumentCache full:https://registry.npmmirror.com/@esbuild%2flinux-arm set size:57458 disposed:false
296 silly fetch manifest @esbuild/linux-ia32@0.27.2
297 silly packumentCache full:https://registry.npmmirror.com/@esbuild%2flinux-ia32 cache-miss
298 http fetch GET 200 https://registry.npmmirror.com/@esbuild%2flinux-arm64 410ms (cache miss)
299 silly packumentCache full:https://registry.npmmirror.com/@esbuild%2flinux-arm64 set size:57805 disposed:false
300 silly fetch manifest @esbuild/linux-loong64@0.27.2
301 silly packumentCache full:https://registry.npmmirror.com/@esbuild%2flinux-loong64 cache-miss
302 http fetch GET 200 https://registry.npmmirror.com/@esbuild%2flinux-ia32 378ms (cache miss)
303 silly packumentCache full:https://registry.npmmirror.com/@esbuild%2flinux-ia32 set size:58035 disposed:false
304 silly fetch manifest @esbuild/linux-mips64el@0.27.2
305 silly packumentCache full:https://registry.npmmirror.com/@esbuild%2flinux-mips64el cache-miss
306 http fetch GET 200 https://registry.npmmirror.com/@esbuild%2flinux-loong64 415ms (cache miss)
307 silly packumentCache full:https://registry.npmmirror.com/@esbuild%2flinux-loong64 set size:77380 disposed:false
308 silly fetch manifest @esbuild/linux-ppc64@0.27.2
309 silly packumentCache full:https://registry.npmmirror.com/@esbuild%2flinux-ppc64 cache-miss
310 http fetch GET 200 https://registry.npmmirror.com/@esbuild%2flinux-mips64el 418ms (cache miss)
311 silly packumentCache full:https://registry.npmmirror.com/@esbuild%2flinux-mips64el set size:57929 disposed:false
312 silly fetch manifest @esbuild/linux-riscv64@0.27.2
313 silly packumentCache full:https://registry.npmmirror.com/@esbuild%2flinux-riscv64 cache-miss
314 http fetch GET 200 https://registry.npmmirror.com/@esbuild%2fdarwin-x64 2451ms (cache miss)
315 silly packumentCache full:https://registry.npmmirror.com/@esbuild%2fdarwin-x64 set size:57734 disposed:false
316 silly fetch manifest @esbuild/linux-s390x@0.27.2
317 silly packumentCache full:https://registry.npmmirror.com/@esbuild%2flinux-s390x cache-miss
318 http fetch GET 200 https://registry.npmmirror.com/@esbuild%2flinux-ppc64 396ms (cache miss)
319 silly packumentCache full:https://registry.npmmirror.com/@esbuild%2flinux-ppc64 set size:57840 disposed:false
320 silly fetch manifest @esbuild/linux-x64@0.27.2
321 silly packumentCache full:https://registry.npmmirror.com/@esbuild%2flinux-x64 cache-miss
322 http fetch GET 200 https://registry.npmmirror.com/@esbuild%2flinux-riscv64 430ms (cache miss)
323 silly packumentCache full:https://registry.npmmirror.com/@esbuild%2flinux-riscv64 set size:58019 disposed:false
324 silly fetch manifest @esbuild/netbsd-arm64@0.27.2
325 silly packumentCache full:https://registry.npmmirror.com/@esbuild%2fnetbsd-arm64 cache-miss
326 http fetch GET 200 https://registry.npmmirror.com/@esbuild%2flinux-s390x 401ms (cache miss)
327 silly packumentCache full:https://registry.npmmirror.com/@esbuild%2flinux-s390x set size:57895 disposed:false
328 silly fetch manifest @esbuild/netbsd-x64@0.27.2
329 silly packumentCache full:https://registry.npmmirror.com/@esbuild%2fnetbsd-x64 cache-miss
330 http fetch GET 200 https://registry.npmmirror.com/@esbuild%2fnetbsd-arm64 404ms (cache miss)
331 silly packumentCache full:https://registry.npmmirror.com/@esbuild%2fnetbsd-arm64 set size:7728 disposed:false
332 silly fetch manifest @esbuild/openbsd-arm64@0.27.2
333 silly packumentCache full:https://registry.npmmirror.com/@esbuild%2fopenbsd-arm64 cache-miss
334 http fetch GET 200 https://registry.npmmirror.com/@esbuild%2fnetbsd-x64 392ms (cache miss)
335 silly packumentCache full:https://registry.npmmirror.com/@esbuild%2fnetbsd-x64 set size:57897 disposed:false
336 silly fetch manifest @esbuild/openbsd-x64@0.27.2
337 silly packumentCache full:https://registry.npmmirror.com/@esbuild%2fopenbsd-x64 cache-miss
338 http fetch GET 200 https://registry.npmmirror.com/@esbuild%2fopenbsd-arm64 419ms (cache miss)
339 silly packumentCache full:https://registry.npmmirror.com/@esbuild%2fopenbsd-arm64 set size:8958 disposed:false
340 silly fetch manifest @esbuild/openharmony-arm64@0.27.2
341 silly packumentCache full:https://registry.npmmirror.com/@esbuild%2fopenharmony-arm64 cache-miss
342 http fetch GET 200 https://registry.npmmirror.com/@esbuild%2fopenbsd-x64 431ms (cache miss)
343 silly packumentCache full:https://registry.npmmirror.com/@esbuild%2fopenbsd-x64 set size:57990 disposed:false
344 silly fetch manifest @esbuild/sunos-x64@0.27.2
345 silly packumentCache full:https://registry.npmmirror.com/@esbuild%2fsunos-x64 cache-miss
346 http fetch GET 200 https://registry.npmmirror.com/@esbuild%2flinux-x64 1418ms (cache miss)
347 silly packumentCache full:https://registry.npmmirror.com/@esbuild%2flinux-x64 set size:57785 disposed:false
348 silly fetch manifest @esbuild/win32-arm64@0.27.2
349 silly packumentCache full:https://registry.npmmirror.com/@esbuild%2fwin32-arm64 cache-miss
350 http fetch GET 200 https://registry.npmmirror.com/@esbuild%2fopenharmony-arm64 1106ms (cache miss)
351 silly packumentCache full:https://registry.npmmirror.com/@esbuild%2fopenharmony-arm64 set size:4930 disposed:false
352 silly fetch manifest @esbuild/win32-ia32@0.27.2
353 silly packumentCache full:https://registry.npmmirror.com/@esbuild%2fwin32-ia32 cache-miss
354 http fetch GET 200 https://registry.npmmirror.com/@esbuild%2fsunos-x64 1005ms (cache miss)
355 silly packumentCache full:https://registry.npmmirror.com/@esbuild%2fsunos-x64 set size:57900 disposed:false
356 silly fetch manifest @esbuild/win32-x64@0.27.2
357 silly packumentCache full:https://registry.npmmirror.com/@esbuild%2fwin32-x64 cache-miss
358 http fetch GET 200 https://registry.npmmirror.com/@esbuild%2fwin32-arm64 1036ms (cache miss)
359 silly packumentCache full:https://registry.npmmirror.com/@esbuild%2fwin32-arm64 set size:57917 disposed:false
360 silly fetch manifest resolve-pkg-maps@^1.0.0
361 silly packumentCache full:https://registry.npmmirror.com/resolve-pkg-maps cache-miss
362 http fetch GET 200 https://registry.npmmirror.com/@esbuild%2fwin32-ia32 434ms (cache miss)
363 silly packumentCache full:https://registry.npmmirror.com/@esbuild%2fwin32-ia32 set size:58397 disposed:false
364 http fetch GET 200 https://registry.npmmirror.com/@esbuild%2fwin32-x64 406ms (cache miss)
365 silly packumentCache full:https://registry.npmmirror.com/@esbuild%2fwin32-x64 set size:58170 disposed:false
366 http fetch GET 200 https://registry.npmmirror.com/resolve-pkg-maps 417ms (cache miss)
367 silly packumentCache full:https://registry.npmmirror.com/resolve-pkg-maps set size:4954 disposed:false
368 silly placeDep ROOT @esbuild/aix-ppc64@0.27.2 OK for: esbuild@0.27.2 want: 0.27.2
369 silly placeDep ROOT @esbuild/android-arm@0.27.2 OK for: esbuild@0.27.2 want: 0.27.2
370 silly placeDep ROOT @esbuild/android-arm64@0.27.2 OK for: esbuild@0.27.2 want: 0.27.2
371 silly placeDep ROOT @esbuild/android-x64@0.27.2 OK for: esbuild@0.27.2 want: 0.27.2
372 silly placeDep ROOT @esbuild/darwin-arm64@0.27.2 OK for: esbuild@0.27.2 want: 0.27.2
373 silly placeDep ROOT @esbuild/darwin-x64@0.27.2 OK for: esbuild@0.27.2 want: 0.27.2
374 silly placeDep ROOT @esbuild/freebsd-arm64@0.27.2 OK for: esbuild@0.27.2 want: 0.27.2
375 silly placeDep ROOT @esbuild/freebsd-x64@0.27.2 OK for: esbuild@0.27.2 want: 0.27.2
376 silly placeDep ROOT @esbuild/linux-arm@0.27.2 OK for: esbuild@0.27.2 want: 0.27.2
377 silly placeDep ROOT @esbuild/linux-arm64@0.27.2 OK for: esbuild@0.27.2 want: 0.27.2
378 silly placeDep ROOT @esbuild/linux-ia32@0.27.2 OK for: esbuild@0.27.2 want: 0.27.2
379 silly placeDep ROOT @esbuild/linux-loong64@0.27.2 OK for: esbuild@0.27.2 want: 0.27.2
380 silly placeDep ROOT @esbuild/linux-mips64el@0.27.2 OK for: esbuild@0.27.2 want: 0.27.2
381 silly placeDep ROOT @esbuild/linux-ppc64@0.27.2 OK for: esbuild@0.27.2 want: 0.27.2
382 silly placeDep ROOT @esbuild/linux-riscv64@0.27.2 OK for: esbuild@0.27.2 want: 0.27.2
383 silly placeDep ROOT @esbuild/linux-s390x@0.27.2 OK for: esbuild@0.27.2 want: 0.27.2
384 silly placeDep ROOT @esbuild/linux-x64@0.27.2 OK for: esbuild@0.27.2 want: 0.27.2
385 silly placeDep ROOT @esbuild/netbsd-arm64@0.27.2 OK for: esbuild@0.27.2 want: 0.27.2
386 silly placeDep ROOT @esbuild/netbsd-x64@0.27.2 OK for: esbuild@0.27.2 want: 0.27.2
387 silly placeDep ROOT @esbuild/openbsd-arm64@0.27.2 OK for: esbuild@0.27.2 want: 0.27.2
388 silly placeDep ROOT @esbuild/openbsd-x64@0.27.2 OK for: esbuild@0.27.2 want: 0.27.2
389 silly placeDep ROOT @esbuild/openharmony-arm64@0.27.2 OK for: esbuild@0.27.2 want: 0.27.2
390 silly placeDep ROOT @esbuild/sunos-x64@0.27.2 OK for: esbuild@0.27.2 want: 0.27.2
391 silly placeDep ROOT @esbuild/win32-arm64@0.27.2 OK for: esbuild@0.27.2 want: 0.27.2
392 silly placeDep ROOT @esbuild/win32-ia32@0.27.2 OK for: esbuild@0.27.2 want: 0.27.2
393 silly placeDep ROOT @esbuild/win32-x64@0.27.2 OK for: esbuild@0.27.2 want: 0.27.2
394 silly placeDep ROOT resolve-pkg-maps@1.0.0 OK for: get-tsconfig@4.13.0 want: ^1.0.0
395 silly placeDep ROOT glob-to-regexp@0.4.1 OK for: watchpack@2.4.0 want: ^0.4.1
396 silly placeDep ROOT @prisma/debug@5.22.0 OK for: @prisma/engines@5.22.0 want: 5.22.0
397 silly placeDep ROOT @prisma/engines-version@5.22.0-44.605197351a3c8bdd595af2d2a9bc3025bca48ea2 OK for: @prisma/engines@5.22.0 want: 5.22.0-44.605197351a3c8bdd595af2d2a9bc3025bca48ea2
398 silly placeDep ROOT @prisma/fetch-engine@5.22.0 OK for: @prisma/engines@5.22.0 want: 5.22.0
399 silly placeDep ROOT @prisma/get-platform@5.22.0 OK for: @prisma/engines@5.22.0 want: 5.22.0
400 silly reify mark retired [
400 silly reify   'C:\\Users\\user\\Documents\\cursor\\promptStore\\node_modules\\next'
400 silly reify ]
401 silly reify mark retired [
401 silly reify   'C:\\Users\\user\\Documents\\cursor\\promptStore\\node_modules\\@prisma\\engines'
401 silly reify ]
402 silly reify moves {
402 silly reify   'C:\\Users\\user\\Documents\\cursor\\promptStore\\node_modules\\next': 'C:\\Users\\user\\Documents\\cursor\\promptStore\\node_modules\\.next-tdRb8dGQ',
402 silly reify   'C:\\Users\\user\\Documents\\cursor\\promptStore\\node_modules\\@prisma\\engines': 'C:\\Users\\user\\Documents\\cursor\\promptStore\\node_modules\\@prisma\\.engines-GAYHfQOt'
402 silly reify }
403 silly audit bulk request {
403 silly audit   '@prisma/client': [ '5.22.0' ],
403 silly audit   '@types/node': [ '20.19.30' ],
403 silly audit   '@types/react': [ '18.3.27' ],
403 silly audit   '@types/react-dom': [ '18.3.7' ],
403 silly audit   next: [ '14.0.4' ],
403 silly audit   react: [ '18.3.1' ],
403 silly audit   'react-dom': [ '18.3.1' ],
403 silly audit   prisma: [ '5.22.0' ],
403 silly audit   tsx: [ '4.21.0' ],
403 silly audit   typescript: [ '5.9.3' ],
403 silly audit   'undici-types': [ '6.21.0' ],
403 silly audit   '@types/prop-types': [ '15.7.15' ],
403 silly audit   csstype: [ '3.2.3' ],
403 silly audit   '@next/env': [ '14.0.4' ],
403 silly audit   '@next/swc-darwin-arm64': [ '14.0.4' ],
403 silly audit   '@next/swc-darwin-x64': [ '14.0.4' ],
403 silly audit   '@next/swc-linux-arm64-gnu': [ '14.0.4' ],
403 silly audit   '@next/swc-linux-arm64-musl': [ '14.0.4' ],
403 silly audit   '@next/swc-linux-x64-gnu': [ '14.0.4' ],
403 silly audit   '@next/swc-linux-x64-musl': [ '14.0.4' ],
403 silly audit   '@next/swc-win32-arm64-msvc': [ '14.0.4' ],
403 silly audit   '@next/swc-win32-ia32-msvc': [ '14.0.4' ],
403 silly audit   '@next/swc-win32-x64-msvc': [ '14.0.4' ],
403 silly audit   '@swc/helpers': [ '0.5.2' ],
403 silly audit   busboy: [ '1.6.0' ],
403 silly audit   'caniuse-lite': [ '1.0.30001766' ],
403 silly audit   'graceful-fs': [ '4.2.11' ],
403 silly audit   postcss: [ '8.4.31' ],
403 silly audit   'styled-jsx': [ '5.1.1' ],
403 silly audit   watchpack: [ '2.4.0' ],
403 silly audit   tslib: [ '2.8.1' ],
403 silly audit   streamsearch: [ '1.1.0' ],
403 silly audit   nanoid: [ '3.3.11' ],
403 silly audit   picocolors: [ '1.1.1' ],
403 silly audit   'source-map-js': [ '1.2.1' ],
403 silly audit   '@prisma/engines': [ '5.22.0' ],
403 silly audit   fsevents: [ '2.3.3' ],
403 silly audit   'loose-envify': [ '1.4.0' ],
403 silly audit   'js-tokens': [ '4.0.0' ],
403 silly audit   scheduler: [ '0.23.2' ],
403 silly audit   'client-only': [ '0.0.1' ],
403 silly audit   esbuild: [ '0.27.2' ],
403 silly audit   'get-tsconfig': [ '4.13.0' ],
403 silly audit   '@esbuild/aix-ppc64': [ '0.27.2' ],
403 silly audit   '@esbuild/android-arm': [ '0.27.2' ],
403 silly audit   '@esbuild/android-arm64': [ '0.27.2' ],
403 silly audit   '@esbuild/android-x64': [ '0.27.2' ],
403 silly audit   '@esbuild/darwin-arm64': [ '0.27.2' ],
403 silly audit   '@esbuild/darwin-x64': [ '0.27.2' ],
403 silly audit   '@esbuild/freebsd-arm64': [ '0.27.2' ],
403 silly audit   '@esbuild/freebsd-x64': [ '0.27.2' ],
403 silly audit   '@esbuild/linux-arm': [ '0.27.2' ],
403 silly audit   '@esbuild/linux-arm64': [ '0.27.2' ],
403 silly audit   '@esbuild/linux-ia32': [ '0.27.2' ],
403 silly audit   '@esbuild/linux-loong64': [ '0.27.2' ],
403 silly audit   '@esbuild/linux-mips64el': [ '0.27.2' ],
403 silly audit   '@esbuild/linux-ppc64': [ '0.27.2' ],
403 silly audit   '@esbuild/linux-riscv64': [ '0.27.2' ],
403 silly audit   '@esbuild/linux-s390x': [ '0.27.2' ],
403 silly audit   '@esbuild/linux-x64': [ '0.27.2' ],
403 silly audit   '@esbuild/netbsd-arm64': [ '0.27.2' ],
403 silly audit   '@esbuild/netbsd-x64': [ '0.27.2' ],
403 silly audit   '@esbuild/openbsd-arm64': [ '0.27.2' ],
403 silly audit   '@esbuild/openbsd-x64': [ '0.27.2' ],
403 silly audit   '@esbuild/openharmony-arm64': [ '0.27.2' ],
403 silly audit   '@esbuild/sunos-x64': [ '0.27.2' ],
403 silly audit   '@esbuild/win32-arm64': [ '0.27.2' ],
403 silly audit   '@esbuild/win32-ia32': [ '0.27.2' ],
403 silly audit   '@esbuild/win32-x64': [ '0.27.2' ],
403 silly audit   'resolve-pkg-maps': [ '1.0.0' ],
403 silly audit   'glob-to-regexp': [ '0.4.1' ],
403 silly audit   '@prisma/debug': [ '5.22.0' ],
403 silly audit   '@prisma/engines-version': [ '5.22.0-44.605197351a3c8bdd595af2d2a9bc3025bca48ea2' ],
403 silly audit   '@prisma/fetch-engine': [ '5.22.0' ],
403 silly audit   '@prisma/get-platform': [ '5.22.0' ]
403 silly audit }
404 http fetch POST 404 https://registry.npmmirror.com/-/npm/v1/security/advisories/bulk 45ms
405 verbose audit error HttpErrorGeneral: 404 Not Found - POST https://registry.npmmirror.com/-/npm/v1/security/advisories/bulk - [NOT_IMPLEMENTED] /-/npm/v1/security/* not implemented yet
405 verbose audit error     at C:\Program Files\nodejs\node_modules\npm\node_modules\npm-registry-fetch\lib\check-response.js:103:15
405 verbose audit error     at process.processTicksAndRejections (node:internal/process/task_queues:103:5)
405 verbose audit error     at async #getReport (C:\Program Files\nodejs\node_modules\npm\node_modules\@npmcli\arborist\lib\audit-report.js:275:19)
405 verbose audit error     at async AuditReport.run (C:\Program Files\nodejs\node_modules\npm\node_modules\@npmcli\arborist\lib\audit-report.js:100:19) {
405 verbose audit error   headers: [Object: null prototype] {
405 verbose audit error     server: [ 'Tengine' ],
405 verbose audit error     date: [ 'Sat, 24 Jan 2026 15:08:30 GMT' ],
405 verbose audit error     'content-type': [ 'application/json' ],
405 verbose audit error     'transfer-encoding': [ 'chunked' ],
405 verbose audit error     connection: [ 'keep-alive' ],
405 verbose audit error     'strict-transport-security': [ 'max-age=5184000' ],
405 verbose audit error     via: [ 'cache1.ru5[,404666]' ],
405 verbose audit error     'timing-allow-origin': [ '*' ],
405 verbose audit error     eagleid: [ 'a3b5009517692673100706540e' ],
405 verbose audit error     'x-fetch-attempts': [ '1' ]
405 verbose audit error   },
405 verbose audit error   statusCode: 404,
405 verbose audit error   code: 'E404',
405 verbose audit error   method: 'POST',
405 verbose audit error   uri: 'https://registry.npmmirror.com/-/npm/v1/security/advisories/bulk',
405 verbose audit error   body: {
405 verbose audit error     error: '[NOT_IMPLEMENTED] /-/npm/v1/security/* not implemented yet'
405 verbose audit error   },
405 verbose audit error   pkgid: undefined
405 verbose audit error }
406 silly audit error [object Object]
407 silly audit report null
408 http cache @prisma/get-platform@https://registry.npmmirror.com/@prisma/get-platform/-/get-platform-5.22.0.tgz 0ms (cache hit)
409 http cache @prisma/fetch-engine@https://registry.npmmirror.com/@prisma/fetch-engine/-/fetch-engine-5.22.0.tgz 0ms (cache hit)
410 http cache @prisma/engines-version@https://registry.npmmirror.com/@prisma/engines-version/-/engines-version-5.22.0-44.605197351a3c8bdd595af2d2a9bc3025bca48ea2.tgz 1ms (cache hit)
411 http cache @prisma/debug@https://registry.npmmirror.com/@prisma/debug/-/debug-5.22.0.tgz 0ms (cache hit)
412 http cache glob-to-regexp@https://registry.npmmirror.com/glob-to-regexp/-/glob-to-regexp-0.4.1.tgz 0ms (cache hit)
413 http cache resolve-pkg-maps@https://registry.npmmirror.com/resolve-pkg-maps/-/resolve-pkg-maps-1.0.0.tgz 0ms (cache hit)
414 http cache @esbuild/win32-x64@https://registry.npmmirror.com/@esbuild/win32-x64/-/win32-x64-0.27.2.tgz 0ms (cache hit)
415 http cache get-tsconfig@https://registry.npmmirror.com/get-tsconfig/-/get-tsconfig-4.13.0.tgz 0ms (cache hit)
416 http cache esbuild@https://registry.npmmirror.com/esbuild/-/esbuild-0.27.2.tgz 0ms (cache hit)
417 http cache scheduler@https://registry.npmmirror.com/scheduler/-/scheduler-0.23.2.tgz 0ms (cache hit)
418 http cache client-only@https://registry.npmmirror.com/client-only/-/client-only-0.0.1.tgz 0ms (cache hit)
419 http cache js-tokens@https://registry.npmmirror.com/js-tokens/-/js-tokens-4.0.0.tgz 0ms (cache hit)
420 http cache loose-envify@https://registry.npmmirror.com/loose-envify/-/loose-envify-1.4.0.tgz 0ms (cache hit)
421 http cache source-map-js@https://registry.npmmirror.com/source-map-js/-/source-map-js-1.2.1.tgz 0ms (cache hit)
422 http cache picocolors@https://registry.npmmirror.com/picocolors/-/picocolors-1.1.1.tgz 0ms (cache hit)
423 http cache nanoid@https://registry.npmmirror.com/nanoid/-/nanoid-3.3.11.tgz 0ms (cache hit)
424 http cache streamsearch@https://registry.npmmirror.com/streamsearch/-/streamsearch-1.1.0.tgz 0ms (cache hit)
425 http cache tslib@https://registry.npmmirror.com/tslib/-/tslib-2.8.1.tgz 0ms (cache hit)
426 http cache watchpack@https://registry.npmmirror.com/watchpack/-/watchpack-2.4.0.tgz 0ms (cache hit)
427 http cache styled-jsx@https://registry.npmmirror.com/styled-jsx/-/styled-jsx-5.1.1.tgz 0ms (cache hit)
428 http cache postcss@https://registry.npmmirror.com/postcss/-/postcss-8.4.31.tgz 0ms (cache hit)
429 http cache graceful-fs@https://registry.npmmirror.com/graceful-fs/-/graceful-fs-4.2.11.tgz 0ms (cache hit)
430 http cache caniuse-lite@https://registry.npmmirror.com/caniuse-lite/-/caniuse-lite-1.0.30001766.tgz 0ms (cache hit)
431 http cache @swc/helpers@https://registry.npmmirror.com/@swc/helpers/-/helpers-0.5.2.tgz 0ms (cache hit)
432 http cache busboy@https://registry.npmmirror.com/busboy/-/busboy-1.6.0.tgz 0ms (cache hit)
433 http cache @next/swc-win32-x64-msvc@https://registry.npmmirror.com/@next/swc-win32-x64-msvc/-/swc-win32-x64-msvc-14.0.4.tgz 0ms (cache hit)
434 http cache @next/env@https://registry.npmmirror.com/@next/env/-/env-14.0.4.tgz 0ms (cache hit)
435 http cache csstype@https://registry.npmmirror.com/csstype/-/csstype-3.2.3.tgz 0ms (cache hit)
436 http cache @types/prop-types@https://registry.npmmirror.com/@types/prop-types/-/prop-types-15.7.15.tgz 0ms (cache hit)
437 http cache undici-types@https://registry.npmmirror.com/undici-types/-/undici-types-6.21.0.tgz 0ms (cache hit)
438 http cache typescript@https://registry.npmmirror.com/typescript/-/typescript-5.9.3.tgz 0ms (cache hit)
439 http cache tsx@https://registry.npmmirror.com/tsx/-/tsx-4.21.0.tgz 0ms (cache hit)
440 http cache prisma@https://registry.npmmirror.com/prisma/-/prisma-5.22.0.tgz 0ms (cache hit)
441 http cache react@https://registry.npmmirror.com/react/-/react-18.3.1.tgz 0ms (cache hit)
442 http cache react-dom@https://registry.npmmirror.com/react-dom/-/react-dom-18.3.1.tgz 0ms (cache hit)
443 http cache @types/react@https://registry.npmmirror.com/@types/react/-/react-18.3.27.tgz 0ms (cache hit)
444 http cache @types/node@https://registry.npmmirror.com/@types/node/-/node-20.19.30.tgz 0ms (cache hit)
445 http cache @types/react-dom@https://registry.npmmirror.com/@types/react-dom/-/react-dom-18.3.7.tgz 0ms (cache hit)
446 http cache next@https://registry.npmmirror.com/next/-/next-14.0.4.tgz 0ms (cache hit)
447 http cache @prisma/engines@https://registry.npmmirror.com/@prisma/engines/-/engines-5.22.0.tgz 0ms (cache hit)
448 info run prisma@5.22.0 preinstall node_modules/prisma node scripts/preinstall-entry.js
449 info run prisma@5.22.0 preinstall { code: 0, signal: null }
450 info run esbuild@0.27.2 postinstall node_modules/esbuild node install.js
451 info run @prisma/engines@5.22.0 postinstall node_modules/prisma/node_modules/@prisma/engines node scripts/postinstall.js
452 info run esbuild@0.27.2 postinstall { code: 0, signal: null }
453 info run @prisma/engines@5.22.0 postinstall { code: 1, signal: null }
454 verbose stack Error: command failed
454 verbose stack     at promiseSpawn (C:\Program Files\nodejs\node_modules\npm\node_modules\@npmcli\promise-spawn\lib\index.js:22:22)
454 verbose stack     at spawnWithShell (C:\Program Files\nodejs\node_modules\npm\node_modules\@npmcli\promise-spawn\lib\index.js:124:10)
454 verbose stack     at promiseSpawn (C:\Program Files\nodejs\node_modules\npm\node_modules\@npmcli\promise-spawn\lib\index.js:12:12)
454 verbose stack     at runScriptPkg (C:\Program Files\nodejs\node_modules\npm\node_modules\@npmcli\run-script\lib\run-script-pkg.js:79:13)
454 verbose stack     at runScript (C:\Program Files\nodejs\node_modules\npm\node_modules\@npmcli\run-script\lib\run-script.js:9:12)
454 verbose stack     at C:\Program Files\nodejs\node_modules\npm\node_modules\@npmcli\arborist\lib\arborist\rebuild.js:332:17
454 verbose stack     at run (C:\Program Files\nodejs\node_modules\npm\node_modules\promise-call-limit\dist\commonjs\index.js:67:22)
454 verbose stack     at C:\Program Files\nodejs\node_modules\npm\node_modules\promise-call-limit\dist\commonjs\index.js:84:9
454 verbose stack     at new Promise (<anonymous>)
454 verbose stack     at callLimit (C:\Program Files\nodejs\node_modules\npm\node_modules\promise-call-limit\dist\commonjs\index.js:35:69)
455 verbose pkgid @prisma/engines@5.22.0
456 error code 1
457 error path C:\Users\user\Documents\cursor\promptStore\node_modules\prisma\node_modules\@prisma\engines
458 error command failed
459 error command C:\Windows\system32\cmd.exe /d /s /c node scripts/postinstall.js
460 error node:internal/process/promises:394
460 error     triggerUncaughtException(err, true /* fromPromise */);
460 error     ^
460 error
460 error Error: aborted
460 error     at TLSSocket.socketCloseListener (node:_http_client:535:19)
460 error     at TLSSocket.emit (node:events:520:35)
460 error     at node:net:346:12
460 error     at TCP.done (node:_tls_wrap:649:7) {
460 error   code: 'ECONNRESET',
460 error   attemptNumber: 1,
460 error   retriesLeft: 2
460 error }
460 error
460 error Node.js v24.11.1
461 silly unfinished npm timer reify 1769267283522
462 silly unfinished npm timer reify:build 1769267364022
463 silly unfinished npm timer build 1769267364023
464 silly unfinished npm timer build:deps 1769267364024
465 silly unfinished npm timer build:run:postinstall 1769267364304
466 silly unfinished npm timer build:run:postinstall:node_modules/prisma/node_modules/@prisma/engines 1769267364372
467 verbose cwd C:\Users\user\Documents\cursor\promptStore
468 verbose os Windows_NT 10.0.19045
469 verbose node v24.11.1
470 verbose npm  v11.6.2
471 verbose exit 1
472 verbose code 1
473 error A complete log of this run can be found in: C:\Users\user\AppData\Local\npm-cache\_logs\2026-01-24T15_08_02_290Z-debug-0.log
